<?xml version="1.0" encoding="UTF-8"?>
<!-- Generated by org.testng.reporters.JUnitReportReporter -->
<testsuite hostname="LUK-DMF20G2" name="test.java.runner.TestRun" tests="1" failures="0" timestamp="20 Feb 2018 11:50:25 GMT" time="11.884" errors="0">
  <testcase name="feature" time="11.884" classname="test.java.runner.TestRun"/>
</testsuite> <!-- test.java.runner.TestRun -->
